<?xml version="1.0" encoding="UTF-8"?>
<robot generator="Robot 6.1.1 (Python 3.10.9 on win32)" generated="20240109 16:54:25.314" rpa="false" schemaversion="4">
<suite id="s1" name="Test Verify Student Section" source="C:\Users\Hafiz Muhammad\PycharmProjects\Eddie_robot_framework_student_section\testcases\test_verify_student_section.robot">
<test id="s1-t1" name="test_student_dashboard.py Link" line="25">
<kw name="Open Chrome Browser With URL" library="GenericPage" type="SETUP">
<kw name="Open Browser" library="SeleniumLibrary">
<arg>${base_url}</arg>
<arg>${browser_name}</arg>
<arg>options=add_argument("--start-maximized"); add_experimental_option("detach", True)</arg>
<doc>Opens a new browser instance to the optional ``url``.</doc>
<msg timestamp="20240109 16:54:26.112" level="INFO">Opening browser 'Chrome' to base url 'http://app-qa.nykey.org/'.</msg>
<status status="PASS" starttime="20240109 16:54:26.109" endtime="20240109 16:54:30.553"/>
</kw>
<kw name="Sleep" library="BuiltIn">
<arg>2</arg>
<doc>Pauses the test executed for the given time.</doc>
<msg timestamp="20240109 16:54:32.573" level="INFO">Slept 2 seconds</msg>
<status status="PASS" starttime="20240109 16:54:30.558" endtime="20240109 16:54:32.573"/>
</kw>
<status status="PASS" starttime="20240109 16:54:26.108" endtime="20240109 16:54:32.576"/>
</kw>
<kw name="Enter Email Id and Password to Login" library="GenericPage">
<arg>${username}</arg>
<arg>${valid_password}</arg>
<kw name="Input Text" library="SeleniumLibrary">
<arg>${username}</arg>
<arg>S11001</arg>
<doc>Types the given ``text`` into the text field identified by ``locator``.</doc>
<msg timestamp="20240109 16:54:32.584" level="INFO">Typing text 'S11001' into text field '//input[@id='email']'.</msg>
<status status="PASS" starttime="20240109 16:54:32.580" endtime="20240109 16:54:32.889"/>
</kw>
<kw name="Input Password" library="SeleniumLibrary">
<arg>${valid_password}</arg>
<arg>000000</arg>
<doc>Types the given password into the text field identified by ``locator``.</doc>
<msg timestamp="20240109 16:54:32.896" level="INFO">Typing password into text field '//input[@id='password']'.</msg>
<msg timestamp="20240109 16:54:33.089" level="INFO">Temporally setting log level to: NONE</msg>
<msg timestamp="20240109 16:54:33.432" level="INFO">Log level changed from NONE to INFO.</msg>
<status status="PASS" starttime="20240109 16:54:32.892" endtime="20240109 16:54:33.433"/>
</kw>
<kw name="Execute Javascript" library="SeleniumLibrary">
<arg>window.scrollTo(0, document.body.scrollHeight)</arg>
<doc>Executes the given JavaScript code with possible arguments.</doc>
<msg timestamp="20240109 16:54:33.440" level="INFO">Executing JavaScript:
window.scrollTo(0, document.body.scrollHeight)
Without any arguments.</msg>
<status status="PASS" starttime="20240109 16:54:33.436" endtime="20240109 16:54:33.467"/>
</kw>
<kw name="Sleep" library="BuiltIn">
<arg>2</arg>
<doc>Pauses the test executed for the given time.</doc>
<msg timestamp="20240109 16:54:35.487" level="INFO">Slept 2 seconds</msg>
<status status="PASS" starttime="20240109 16:54:33.471" endtime="20240109 16:54:35.488"/>
</kw>
<kw name="Click Element" library="SeleniumLibrary">
<arg>${login_remember_me_toggle}</arg>
<doc>Click the element identified by ``locator``.</doc>
<msg timestamp="20240109 16:54:35.494" level="INFO">Clicking element '//input[@id='flexSwitchCheckChecked']'.</msg>
<status status="PASS" starttime="20240109 16:54:35.491" endtime="20240109 16:54:35.668"/>
</kw>
<kw name="Click Element" library="SeleniumLibrary">
<arg>${click_login_btn}</arg>
<doc>Click the element identified by ``locator``.</doc>
<msg timestamp="20240109 16:54:35.673" level="INFO">Clicking element 'xpath=//button[normalize-space()='Sign in']'.</msg>
<status status="PASS" starttime="20240109 16:54:35.671" endtime="20240109 16:54:38.354"/>
</kw>
<status status="PASS" starttime="20240109 16:54:32.578" endtime="20240109 16:54:38.357"/>
</kw>
<kw name="Verify User Successfully Logged In">
<kw name="Get Location" library="SeleniumLibrary">
<var>${current_url}</var>
<doc>Returns the current browser window URL.</doc>
<msg timestamp="20240109 16:54:38.402" level="INFO">${current_url} = https://app-qa.nykey.org/home/students</msg>
<status status="PASS" starttime="20240109 16:54:38.361" endtime="20240109 16:54:38.402"/>
</kw>
<kw name="Should Contain" library="BuiltIn">
<arg>${current_url}</arg>
<arg>/home</arg>
<doc>Fails if ``container`` does not contain ``item`` one or more times.</doc>
<status status="PASS" starttime="20240109 16:54:38.405" endtime="20240109 16:54:38.406"/>
</kw>
<status status="PASS" starttime="20240109 16:54:38.360" endtime="20240109 16:54:38.407"/>
</kw>
<kw name="Verify Link and Success Block Element of the page">
<arg>https://app-qa.nykey.org/home/students</arg>
<arg>Sun</arg>
<kw name="Go To" library="SeleniumLibrary">
<arg>${url_to_verify}</arg>
<doc>Navigates the current browser window to the provided ``url``.</doc>
<msg timestamp="20240109 16:54:38.410" level="INFO">Opening url 'https://app-qa.nykey.org/home/students'</msg>
<status status="PASS" starttime="20240109 16:54:38.409" endtime="20240109 16:54:39.390"/>
</kw>
<kw name="Sleep" library="BuiltIn">
<arg>2</arg>
<doc>Pauses the test executed for the given time.</doc>
<msg timestamp="20240109 16:54:41.398" level="INFO">Slept 2 seconds</msg>
<status status="PASS" starttime="20240109 16:54:39.394" endtime="20240109 16:54:41.398"/>
</kw>
<kw name="Wait Until Page Contains" library="SeleniumLibrary">
<arg>${success_block_element_to_verify}</arg>
<doc>Waits until ``text`` appears on the current page.</doc>
<status status="PASS" starttime="20240109 16:54:41.400" endtime="20240109 16:54:41.425"/>
</kw>
<kw name="Page Should Contain" library="SeleniumLibrary">
<arg>${success_block_element_to_verify}</arg>
<doc>Verifies that current page contains ``text``.</doc>
<msg timestamp="20240109 16:54:41.447" level="INFO">Current page contains text 'Sun'.</msg>
<status status="PASS" starttime="20240109 16:54:41.426" endtime="20240109 16:54:41.447"/>
</kw>
<status status="PASS" starttime="20240109 16:54:38.408" endtime="20240109 16:54:41.450"/>
</kw>
<kw name="Sleep" library="BuiltIn">
<arg>3</arg>
<doc>Pauses the test executed for the given time.</doc>
<msg timestamp="20240109 16:54:44.460" level="INFO">Slept 3 seconds</msg>
<status status="PASS" starttime="20240109 16:54:41.451" endtime="20240109 16:54:44.460"/>
</kw>
<kw name="Close Browser Session" library="GenericPage" type="TEARDOWN">
<kw name="Close Browser" library="SeleniumLibrary">
<doc>Closes the current browser.</doc>
<status status="PASS" starttime="20240109 16:54:44.464" endtime="20240109 16:54:46.927"/>
</kw>
<status status="PASS" starttime="20240109 16:54:44.463" endtime="20240109 16:54:46.929"/>
</kw>
<status status="PASS" starttime="20240109 16:54:26.106" endtime="20240109 16:54:47.011"/>
</test>
<test id="s1-t2" name="test_student_browse_course.py Link" line="33">
<kw name="Open Chrome Browser With URL" library="GenericPage" type="SETUP">
<kw name="Open Browser" library="SeleniumLibrary">
<arg>${base_url}</arg>
<arg>${browser_name}</arg>
<arg>options=add_argument("--start-maximized"); add_experimental_option("detach", True)</arg>
<doc>Opens a new browser instance to the optional ``url``.</doc>
<msg timestamp="20240109 16:54:47.061" level="INFO">Opening browser 'Chrome' to base url 'http://app-qa.nykey.org/'.</msg>
<status status="PASS" starttime="20240109 16:54:47.057" endtime="20240109 16:54:56.152"/>
</kw>
<kw name="Sleep" library="BuiltIn">
<arg>2</arg>
<doc>Pauses the test executed for the given time.</doc>
<msg timestamp="20240109 16:54:58.167" level="INFO">Slept 2 seconds</msg>
<status status="PASS" starttime="20240109 16:54:56.156" endtime="20240109 16:54:58.168"/>
</kw>
<status status="PASS" starttime="20240109 16:54:47.056" endtime="20240109 16:54:58.170"/>
</kw>
<kw name="Enter Email Id and Password to Login" library="GenericPage">
<arg>${username}</arg>
<arg>${valid_password}</arg>
<kw name="Input Text" library="SeleniumLibrary">
<arg>${username}</arg>
<arg>S11001</arg>
<doc>Types the given ``text`` into the text field identified by ``locator``.</doc>
<msg timestamp="20240109 16:54:58.177" level="INFO">Typing text 'S11001' into text field '//input[@id='email']'.</msg>
<status status="PASS" starttime="20240109 16:54:58.175" endtime="20240109 16:54:58.493"/>
</kw>
<kw name="Input Password" library="SeleniumLibrary">
<arg>${valid_password}</arg>
<arg>000000</arg>
<doc>Types the given password into the text field identified by ``locator``.</doc>
<msg timestamp="20240109 16:54:58.502" level="INFO">Typing password into text field '//input[@id='password']'.</msg>
<msg timestamp="20240109 16:54:58.653" level="INFO">Temporally setting log level to: NONE</msg>
<msg timestamp="20240109 16:54:58.837" level="INFO">Log level changed from NONE to INFO.</msg>
<status status="PASS" starttime="20240109 16:54:58.497" endtime="20240109 16:54:58.837"/>
</kw>
<kw name="Execute Javascript" library="SeleniumLibrary">
<arg>window.scrollTo(0, document.body.scrollHeight)</arg>
<doc>Executes the given JavaScript code with possible arguments.</doc>
<msg timestamp="20240109 16:54:58.844" level="INFO">Executing JavaScript:
window.scrollTo(0, document.body.scrollHeight)
Without any arguments.</msg>
<status status="PASS" starttime="20240109 16:54:58.841" endtime="20240109 16:54:58.860"/>
</kw>
<kw name="Sleep" library="BuiltIn">
<arg>2</arg>
<doc>Pauses the test executed for the given time.</doc>
<msg timestamp="20240109 16:55:00.875" level="INFO">Slept 2 seconds</msg>
<status status="PASS" starttime="20240109 16:54:58.864" endtime="20240109 16:55:00.875"/>
</kw>
<kw name="Click Element" library="SeleniumLibrary">
<arg>${login_remember_me_toggle}</arg>
<doc>Click the element identified by ``locator``.</doc>
<msg timestamp="20240109 16:55:00.882" level="INFO">Clicking element '//input[@id='flexSwitchCheckChecked']'.</msg>
<status status="PASS" starttime="20240109 16:55:00.879" endtime="20240109 16:55:01.065"/>
</kw>
<kw name="Click Element" library="SeleniumLibrary">
<arg>${click_login_btn}</arg>
<doc>Click the element identified by ``locator``.</doc>
<msg timestamp="20240109 16:55:01.071" level="INFO">Clicking element 'xpath=//button[normalize-space()='Sign in']'.</msg>
<status status="PASS" starttime="20240109 16:55:01.069" endtime="20240109 16:55:03.902"/>
</kw>
<status status="PASS" starttime="20240109 16:54:58.173" endtime="20240109 16:55:03.905"/>
</kw>
<kw name="Verify User Successfully Logged In">
<kw name="Get Location" library="SeleniumLibrary">
<var>${current_url}</var>
<doc>Returns the current browser window URL.</doc>
<msg timestamp="20240109 16:55:03.927" level="INFO">${current_url} = https://app-qa.nykey.org/home/students</msg>
<status status="PASS" starttime="20240109 16:55:03.908" endtime="20240109 16:55:03.927"/>
</kw>
<kw name="Should Contain" library="BuiltIn">
<arg>${current_url}</arg>
<arg>/home</arg>
<doc>Fails if ``container`` does not contain ``item`` one or more times.</doc>
<status status="PASS" starttime="20240109 16:55:03.942" endtime="20240109 16:55:03.944"/>
</kw>
<status status="PASS" starttime="20240109 16:55:03.907" endtime="20240109 16:55:03.945"/>
</kw>
<kw name="Verify Link and Success Block Element of the page">
<arg>https://app-qa.nykey.org/browse/courses</arg>
<arg>Browse Course</arg>
<kw name="Go To" library="SeleniumLibrary">
<arg>${url_to_verify}</arg>
<doc>Navigates the current browser window to the provided ``url``.</doc>
<msg timestamp="20240109 16:55:03.952" level="INFO">Opening url 'https://app-qa.nykey.org/browse/courses'</msg>
<msg timestamp="20240109 17:00:04.280" level="INFO" html="true">&lt;/td&gt;&lt;/tr&gt;&lt;tr&gt;&lt;td colspan="3"&gt;&lt;a href="selenium-screenshot-2.png"&gt;&lt;img src="selenium-screenshot-2.png" width="800px"&gt;&lt;/a&gt;</msg>
<msg timestamp="20240109 17:00:04.280" level="FAIL">TimeoutException: Message: timeout: Timed out receiving message from renderer: -0.033
  (Session info: chrome=120.0.6099.131)
Stacktrace:
	GetHandleVerifier [0x00007FF746652142+3514994]
	(No symbol) [0x00007FF746270CE2]
	(No symbol) [0x00007FF7461176AA]
	(No symbol) [0x00007FF746100839]
	(No symbol) [0x00007FF7461006EB]
	(No symbol) [0x00007FF7460FEE3D]
	(No symbol) [0x00007FF7460FF7CE]
	(No symbol) [0x00007FF74610D6CD]
	(No symbol) [0x00007FF746124471]
	(No symbol) [0x00007FF74612937A]
	(No symbol) [0x00007FF7460FFEC6]
	(No symbol) [0x00007FF7461241CF]
	(No symbol) [0x00007FF7461A2824]
	(No symbol) [0x00007FF746185D93]
	(No symbol) [0x00007FF746154BDC]
	(No symbol) [0x00007FF746155C64]
	GetHandleVerifier [0x00007FF74667E16B+3695259]
	GetHandleVerifier [0x00007FF7466D6737+4057191]
	GetHandleVerifier [0x00007FF7466CE4E3+4023827]
	GetHandleVerifier [0x00007FF7463A04F9+689705]
	(No symbol) [0x00007FF74627C048]
	(No symbol) [0x00007FF746278044]
	(No symbol) [0x00007FF7462781C9]
	(No symbol) [0x00007FF7462688C4]
	BaseThreadInitThunk [0x00007FF82329257D+29]
	RtlUserThreadStart [0x00007FF8251AAA58+40]
</msg>
<status status="FAIL" starttime="20240109 16:55:03.950" endtime="20240109 17:00:04.368"/>
</kw>
<kw name="Sleep" library="BuiltIn">
<arg>2</arg>
<doc>Pauses the test executed for the given time.</doc>
<status status="NOT RUN" starttime="20240109 17:00:04.370" endtime="20240109 17:00:04.371"/>
</kw>
<kw name="Wait Until Page Contains" library="SeleniumLibrary">
<arg>${success_block_element_to_verify}</arg>
<doc>Waits until ``text`` appears on the current page.</doc>
<status status="NOT RUN" starttime="20240109 17:00:04.372" endtime="20240109 17:00:04.372"/>
</kw>
<kw name="Page Should Contain" library="SeleniumLibrary">
<arg>${success_block_element_to_verify}</arg>
<doc>Verifies that current page contains ``text``.</doc>
<status status="NOT RUN" starttime="20240109 17:00:04.373" endtime="20240109 17:00:04.374"/>
</kw>
<status status="FAIL" starttime="20240109 16:55:03.948" endtime="20240109 17:00:04.374"/>
</kw>
<kw name="Sleep" library="BuiltIn">
<arg>3</arg>
<doc>Pauses the test executed for the given time.</doc>
<status status="NOT RUN" starttime="20240109 17:00:04.376" endtime="20240109 17:00:04.376"/>
</kw>
<kw name="Close Browser Session" library="GenericPage" type="TEARDOWN">
<kw name="Close Browser" library="SeleniumLibrary">
<doc>Closes the current browser.</doc>
<status status="PASS" starttime="20240109 17:00:04.378" endtime="20240109 17:00:06.951"/>
</kw>
<status status="PASS" starttime="20240109 17:00:04.377" endtime="20240109 17:00:06.952"/>
</kw>
<status status="FAIL" starttime="20240109 16:54:47.052" endtime="20240109 17:00:06.953">TimeoutException: Message: timeout: Timed out receiving message from renderer: -0.033
  (Session info: chrome=120.0.6099.131)
Stacktrace:
	GetHandleVerifier [0x00007FF746652142+3514994]
	(No symbol) [0x00007FF746270CE2]
	(No symbol) [0x00007FF7461176AA]
	(No symbol) [0x00007FF746100839]
	(No symbol) [0x00007FF7461006EB]
	(No symbol) [0x00007FF7460FEE3D]
	(No symbol) [0x00007FF7460FF7CE]
	(No symbol) [0x00007FF74610D6CD]
	(No symbol) [0x00007FF746124471]
	(No symbol) [0x00007FF74612937A]
	(No symbol) [0x00007FF7460FFEC6]
	(No symbol) [0x00007FF7461241CF]
	(No symbol) [0x00007FF7461A2824]
	(No symbol) [0x00007FF746185D93]
	(No symbol) [0x00007FF746154BDC]
	(No symbol) [0x00007FF746155C64]
	GetHandleVerifier [0x00007FF74667E16B+3695259]
	GetHandleVerifier [0x00007FF7466D6737+4057191]
	GetHandleVerifier [0x00007FF7466CE4E3+4023827]
	GetHandleVerifier [0x00007FF7463A04F9+689705]
	(No symbol) [0x00007FF74627C048]
	(No symbol) [0x00007FF746278044]
	(No symbol) [0x00007FF7462781C9]
	(No symbol) [0x00007FF7462688C4]
	BaseThreadInitThunk [0x00007FF82329257D+29]
	RtlUserThreadStart [0x00007FF8251AAA58+40]
</status>
</test>
<test id="s1-t3" name="test_student_browse_webinar.py Link" line="41">
<kw name="Open Chrome Browser With URL" library="GenericPage" type="SETUP">
<kw name="Open Browser" library="SeleniumLibrary">
<arg>${base_url}</arg>
<arg>${browser_name}</arg>
<arg>options=add_argument("--start-maximized"); add_experimental_option("detach", True)</arg>
<doc>Opens a new browser instance to the optional ``url``.</doc>
<msg timestamp="20240109 17:00:06.990" level="INFO">Opening browser 'Chrome' to base url 'http://app-qa.nykey.org/'.</msg>
<status status="PASS" starttime="20240109 17:00:06.987" endtime="20240109 17:00:10.759"/>
</kw>
<kw name="Sleep" library="BuiltIn">
<arg>2</arg>
<doc>Pauses the test executed for the given time.</doc>
<msg timestamp="20240109 17:00:12.776" level="INFO">Slept 2 seconds</msg>
<status status="PASS" starttime="20240109 17:00:10.763" endtime="20240109 17:00:12.776"/>
</kw>
<status status="PASS" starttime="20240109 17:00:06.986" endtime="20240109 17:00:12.778"/>
</kw>
<kw name="Enter Email Id and Password to Login" library="GenericPage">
<arg>${username}</arg>
<arg>${valid_password}</arg>
<kw name="Input Text" library="SeleniumLibrary">
<arg>${username}</arg>
<arg>S11001</arg>
<doc>Types the given ``text`` into the text field identified by ``locator``.</doc>
<msg timestamp="20240109 17:00:12.783" level="INFO">Typing text 'S11001' into text field '//input[@id='email']'.</msg>
<status status="PASS" starttime="20240109 17:00:12.781" endtime="20240109 17:00:12.975"/>
</kw>
<kw name="Input Password" library="SeleniumLibrary">
<arg>${valid_password}</arg>
<arg>000000</arg>
<doc>Types the given password into the text field identified by ``locator``.</doc>
<msg timestamp="20240109 17:00:12.978" level="INFO">Typing password into text field '//input[@id='password']'.</msg>
<msg timestamp="20240109 17:00:13.047" level="INFO">Temporally setting log level to: NONE</msg>
<msg timestamp="20240109 17:00:13.171" level="INFO">Log level changed from NONE to INFO.</msg>
<status status="PASS" starttime="20240109 17:00:12.977" endtime="20240109 17:00:13.172"/>
</kw>
<kw name="Execute Javascript" library="SeleniumLibrary">
<arg>window.scrollTo(0, document.body.scrollHeight)</arg>
<doc>Executes the given JavaScript code with possible arguments.</doc>
<msg timestamp="20240109 17:00:13.178" level="INFO">Executing JavaScript:
window.scrollTo(0, document.body.scrollHeight)
Without any arguments.</msg>
<status status="PASS" starttime="20240109 17:00:13.176" endtime="20240109 17:00:13.191"/>
</kw>
<kw name="Sleep" library="BuiltIn">
<arg>2</arg>
<doc>Pauses the test executed for the given time.</doc>
<msg timestamp="20240109 17:00:15.205" level="INFO">Slept 2 seconds</msg>
<status status="PASS" starttime="20240109 17:00:13.193" endtime="20240109 17:00:15.205"/>
</kw>
<kw name="Click Element" library="SeleniumLibrary">
<arg>${login_remember_me_toggle}</arg>
<doc>Click the element identified by ``locator``.</doc>
<msg timestamp="20240109 17:00:15.210" level="INFO">Clicking element '//input[@id='flexSwitchCheckChecked']'.</msg>
<status status="PASS" starttime="20240109 17:00:15.208" endtime="20240109 17:00:15.310"/>
</kw>
<kw name="Click Element" library="SeleniumLibrary">
<arg>${click_login_btn}</arg>
<doc>Click the element identified by ``locator``.</doc>
<msg timestamp="20240109 17:00:15.313" level="INFO">Clicking element 'xpath=//button[normalize-space()='Sign in']'.</msg>
<status status="PASS" starttime="20240109 17:00:15.312" endtime="20240109 17:00:15.895"/>
</kw>
<status status="PASS" starttime="20240109 17:00:12.779" endtime="20240109 17:00:15.897"/>
</kw>
<kw name="Verify User Successfully Logged In">
<kw name="Get Location" library="SeleniumLibrary">
<var>${current_url}</var>
<doc>Returns the current browser window URL.</doc>
<msg timestamp="20240109 17:00:18.116" level="INFO">${current_url} = https://app-qa.nykey.org/home/students</msg>
<status status="PASS" starttime="20240109 17:00:15.900" endtime="20240109 17:00:18.116"/>
</kw>
<kw name="Should Contain" library="BuiltIn">
<arg>${current_url}</arg>
<arg>/home</arg>
<doc>Fails if ``container`` does not contain ``item`` one or more times.</doc>
<status status="PASS" starttime="20240109 17:00:18.118" endtime="20240109 17:00:18.119"/>
</kw>
<status status="PASS" starttime="20240109 17:00:15.899" endtime="20240109 17:00:18.120"/>
</kw>
<kw name="Verify Link and Success Block Element of the page">
<arg>https://app-qa.nykey.org/browse/webinar</arg>
<arg>Browse Webinar</arg>
<kw name="Go To" library="SeleniumLibrary">
<arg>${url_to_verify}</arg>
<doc>Navigates the current browser window to the provided ``url``.</doc>
<msg timestamp="20240109 17:00:18.125" level="INFO">Opening url 'https://app-qa.nykey.org/browse/webinar'</msg>
<status status="PASS" starttime="20240109 17:00:18.124" endtime="20240109 17:00:19.067"/>
</kw>
<kw name="Sleep" library="BuiltIn">
<arg>2</arg>
<doc>Pauses the test executed for the given time.</doc>
<msg timestamp="20240109 17:00:21.082" level="INFO">Slept 2 seconds</msg>
<status status="PASS" starttime="20240109 17:00:19.070" endtime="20240109 17:00:21.082"/>
</kw>
<kw name="Wait Until Page Contains" library="SeleniumLibrary">
<arg>${success_block_element_to_verify}</arg>
<doc>Waits until ``text`` appears on the current page.</doc>
<status status="PASS" starttime="20240109 17:00:21.085" endtime="20240109 17:00:21.192"/>
</kw>
<kw name="Page Should Contain" library="SeleniumLibrary">
<arg>${success_block_element_to_verify}</arg>
<doc>Verifies that current page contains ``text``.</doc>
<msg timestamp="20240109 17:00:21.232" level="INFO">Current page contains text 'Browse Webinar'.</msg>
<status status="PASS" starttime="20240109 17:00:21.193" endtime="20240109 17:00:21.233"/>
</kw>
<status status="PASS" starttime="20240109 17:00:18.121" endtime="20240109 17:00:21.236"/>
</kw>
<kw name="Sleep" library="BuiltIn">
<arg>3</arg>
<doc>Pauses the test executed for the given time.</doc>
<msg timestamp="20240109 17:00:24.257" level="INFO">Slept 3 seconds</msg>
<status status="PASS" starttime="20240109 17:00:21.241" endtime="20240109 17:00:24.257"/>
</kw>
<kw name="Close Browser Session" library="GenericPage" type="TEARDOWN">
<kw name="Close Browser" library="SeleniumLibrary">
<doc>Closes the current browser.</doc>
<status status="PASS" starttime="20240109 17:00:24.280" endtime="20240109 17:00:27.339"/>
</kw>
<status status="PASS" starttime="20240109 17:00:24.278" endtime="20240109 17:00:27.340"/>
</kw>
<status status="PASS" starttime="20240109 17:00:06.984" endtime="20240109 17:00:27.341"/>
</test>
<test id="s1-t4" name="test_student_course.py Link" line="49">
<kw name="Open Chrome Browser With URL" library="GenericPage" type="SETUP">
<kw name="Open Browser" library="SeleniumLibrary">
<arg>${base_url}</arg>
<arg>${browser_name}</arg>
<arg>options=add_argument("--start-maximized"); add_experimental_option("detach", True)</arg>
<doc>Opens a new browser instance to the optional ``url``.</doc>
<msg timestamp="20240109 17:00:27.356" level="INFO">Opening browser 'Chrome' to base url 'http://app-qa.nykey.org/'.</msg>
<status status="PASS" starttime="20240109 17:00:27.353" endtime="20240109 17:00:32.017"/>
</kw>
<kw name="Sleep" library="BuiltIn">
<arg>2</arg>
<doc>Pauses the test executed for the given time.</doc>
<msg timestamp="20240109 17:00:34.032" level="INFO">Slept 2 seconds</msg>
<status status="PASS" starttime="20240109 17:00:32.021" endtime="20240109 17:00:34.032"/>
</kw>
<status status="PASS" starttime="20240109 17:00:27.352" endtime="20240109 17:00:34.035"/>
</kw>
<kw name="Enter Email Id and Password to Login" library="GenericPage">
<arg>${username}</arg>
<arg>${valid_password}</arg>
<kw name="Input Text" library="SeleniumLibrary">
<arg>${username}</arg>
<arg>S11001</arg>
<doc>Types the given ``text`` into the text field identified by ``locator``.</doc>
<msg timestamp="20240109 17:00:34.039" level="INFO">Typing text 'S11001' into text field '//input[@id='email']'.</msg>
<status status="PASS" starttime="20240109 17:00:34.037" endtime="20240109 17:00:34.303"/>
</kw>
<kw name="Input Password" library="SeleniumLibrary">
<arg>${valid_password}</arg>
<arg>000000</arg>
<doc>Types the given password into the text field identified by ``locator``.</doc>
<msg timestamp="20240109 17:00:34.309" level="INFO">Typing password into text field '//input[@id='password']'.</msg>
<msg timestamp="20240109 17:00:34.417" level="INFO">Temporally setting log level to: NONE</msg>
<msg timestamp="20240109 17:00:34.554" level="INFO">Log level changed from NONE to INFO.</msg>
<status status="PASS" starttime="20240109 17:00:34.306" endtime="20240109 17:00:34.554"/>
</kw>
<kw name="Execute Javascript" library="SeleniumLibrary">
<arg>window.scrollTo(0, document.body.scrollHeight)</arg>
<doc>Executes the given JavaScript code with possible arguments.</doc>
<msg timestamp="20240109 17:00:34.561" level="INFO">Executing JavaScript:
window.scrollTo(0, document.body.scrollHeight)
Without any arguments.</msg>
<status status="PASS" starttime="20240109 17:00:34.558" endtime="20240109 17:00:34.579"/>
</kw>
<kw name="Sleep" library="BuiltIn">
<arg>2</arg>
<doc>Pauses the test executed for the given time.</doc>
<msg timestamp="20240109 17:00:36.596" level="INFO">Slept 2 seconds</msg>
<status status="PASS" starttime="20240109 17:00:34.582" endtime="20240109 17:00:36.597"/>
</kw>
<kw name="Click Element" library="SeleniumLibrary">
<arg>${login_remember_me_toggle}</arg>
<doc>Click the element identified by ``locator``.</doc>
<msg timestamp="20240109 17:00:36.605" level="INFO">Clicking element '//input[@id='flexSwitchCheckChecked']'.</msg>
<status status="PASS" starttime="20240109 17:00:36.601" endtime="20240109 17:00:36.822"/>
</kw>
<kw name="Click Element" library="SeleniumLibrary">
<arg>${click_login_btn}</arg>
<doc>Click the element identified by ``locator``.</doc>
<msg timestamp="20240109 17:00:36.828" level="INFO">Clicking element 'xpath=//button[normalize-space()='Sign in']'.</msg>
<status status="PASS" starttime="20240109 17:00:36.825" endtime="20240109 17:00:39.683"/>
</kw>
<status status="PASS" starttime="20240109 17:00:34.036" endtime="20240109 17:00:39.687"/>
</kw>
<kw name="Verify User Successfully Logged In">
<kw name="Get Location" library="SeleniumLibrary">
<var>${current_url}</var>
<doc>Returns the current browser window URL.</doc>
<msg timestamp="20240109 17:00:39.732" level="INFO">${current_url} = https://app-qa.nykey.org/home/students</msg>
<status status="PASS" starttime="20240109 17:00:39.702" endtime="20240109 17:00:39.732"/>
</kw>
<kw name="Should Contain" library="BuiltIn">
<arg>${current_url}</arg>
<arg>/home</arg>
<doc>Fails if ``container`` does not contain ``item`` one or more times.</doc>
<status status="PASS" starttime="20240109 17:00:39.735" endtime="20240109 17:00:39.736"/>
</kw>
<status status="PASS" starttime="20240109 17:00:39.700" endtime="20240109 17:00:39.737"/>
</kw>
<kw name="Verify Link and Success Block Element of the page">
<arg>https://app-qa.nykey.org/students/0/course</arg>
<arg>Course</arg>
<kw name="Go To" library="SeleniumLibrary">
<arg>${url_to_verify}</arg>
<doc>Navigates the current browser window to the provided ``url``.</doc>
<msg timestamp="20240109 17:00:39.743" level="INFO">Opening url 'https://app-qa.nykey.org/students/0/course'</msg>
<status status="PASS" starttime="20240109 17:00:39.742" endtime="20240109 17:00:40.794"/>
</kw>
<kw name="Sleep" library="BuiltIn">
<arg>2</arg>
<doc>Pauses the test executed for the given time.</doc>
<msg timestamp="20240109 17:00:42.817" level="INFO">Slept 2 seconds</msg>
<status status="PASS" starttime="20240109 17:00:40.802" endtime="20240109 17:00:42.818"/>
</kw>
<kw name="Wait Until Page Contains" library="SeleniumLibrary">
<arg>${success_block_element_to_verify}</arg>
<doc>Waits until ``text`` appears on the current page.</doc>
<status status="PASS" starttime="20240109 17:00:42.844" endtime="20240109 17:00:42.988"/>
</kw>
<kw name="Page Should Contain" library="SeleniumLibrary">
<arg>${success_block_element_to_verify}</arg>
<doc>Verifies that current page contains ``text``.</doc>
<msg timestamp="20240109 17:00:43.097" level="INFO">Current page contains text 'Course'.</msg>
<status status="PASS" starttime="20240109 17:00:42.989" endtime="20240109 17:00:43.098"/>
</kw>
<status status="PASS" starttime="20240109 17:00:39.740" endtime="20240109 17:00:43.102"/>
</kw>
<kw name="Sleep" library="BuiltIn">
<arg>3</arg>
<doc>Pauses the test executed for the given time.</doc>
<msg timestamp="20240109 17:00:46.118" level="INFO">Slept 3 seconds</msg>
<status status="PASS" starttime="20240109 17:00:43.107" endtime="20240109 17:00:46.119"/>
</kw>
<kw name="Close Browser Session" library="GenericPage" type="TEARDOWN">
<kw name="Close Browser" library="SeleniumLibrary">
<doc>Closes the current browser.</doc>
<status status="PASS" starttime="20240109 17:00:46.139" endtime="20240109 17:00:50.744"/>
</kw>
<status status="PASS" starttime="20240109 17:00:46.137" endtime="20240109 17:00:50.745"/>
</kw>
<status status="PASS" starttime="20240109 17:00:27.351" endtime="20240109 17:00:50.746"/>
</test>
<test id="s1-t5" name="test_student_assignment.py Link" line="57">
<kw name="Open Chrome Browser With URL" library="GenericPage" type="SETUP">
<kw name="Open Browser" library="SeleniumLibrary">
<arg>${base_url}</arg>
<arg>${browser_name}</arg>
<arg>options=add_argument("--start-maximized"); add_experimental_option("detach", True)</arg>
<doc>Opens a new browser instance to the optional ``url``.</doc>
<msg timestamp="20240109 17:00:50.764" level="INFO">Opening browser 'Chrome' to base url 'http://app-qa.nykey.org/'.</msg>
<status status="PASS" starttime="20240109 17:00:50.762" endtime="20240109 17:00:55.760"/>
</kw>
<kw name="Sleep" library="BuiltIn">
<arg>2</arg>
<doc>Pauses the test executed for the given time.</doc>
<msg timestamp="20240109 17:00:57.772" level="INFO">Slept 2 seconds</msg>
<status status="PASS" starttime="20240109 17:00:55.764" endtime="20240109 17:00:57.773"/>
</kw>
<status status="PASS" starttime="20240109 17:00:50.760" endtime="20240109 17:00:57.776"/>
</kw>
<kw name="Enter Email Id and Password to Login" library="GenericPage">
<arg>${username}</arg>
<arg>${valid_password}</arg>
<kw name="Input Text" library="SeleniumLibrary">
<arg>${username}</arg>
<arg>S11001</arg>
<doc>Types the given ``text`` into the text field identified by ``locator``.</doc>
<msg timestamp="20240109 17:00:57.780" level="INFO">Typing text 'S11001' into text field '//input[@id='email']'.</msg>
<status status="PASS" starttime="20240109 17:00:57.778" endtime="20240109 17:00:58.079"/>
</kw>
<kw name="Input Password" library="SeleniumLibrary">
<arg>${valid_password}</arg>
<arg>000000</arg>
<doc>Types the given password into the text field identified by ``locator``.</doc>
<msg timestamp="20240109 17:00:58.086" level="INFO">Typing password into text field '//input[@id='password']'.</msg>
<msg timestamp="20240109 17:00:58.182" level="INFO">Temporally setting log level to: NONE</msg>
<msg timestamp="20240109 17:00:58.352" level="INFO">Log level changed from NONE to INFO.</msg>
<status status="PASS" starttime="20240109 17:00:58.084" endtime="20240109 17:00:58.354"/>
</kw>
<kw name="Execute Javascript" library="SeleniumLibrary">
<arg>window.scrollTo(0, document.body.scrollHeight)</arg>
<doc>Executes the given JavaScript code with possible arguments.</doc>
<msg timestamp="20240109 17:00:58.361" level="INFO">Executing JavaScript:
window.scrollTo(0, document.body.scrollHeight)
Without any arguments.</msg>
<status status="PASS" starttime="20240109 17:00:58.358" endtime="20240109 17:00:58.379"/>
</kw>
<kw name="Sleep" library="BuiltIn">
<arg>2</arg>
<doc>Pauses the test executed for the given time.</doc>
<msg timestamp="20240109 17:01:00.393" level="INFO">Slept 2 seconds</msg>
<status status="PASS" starttime="20240109 17:00:58.382" endtime="20240109 17:01:00.393"/>
</kw>
<kw name="Click Element" library="SeleniumLibrary">
<arg>${login_remember_me_toggle}</arg>
<doc>Click the element identified by ``locator``.</doc>
<msg timestamp="20240109 17:01:00.398" level="INFO">Clicking element '//input[@id='flexSwitchCheckChecked']'.</msg>
<status status="PASS" starttime="20240109 17:01:00.396" endtime="20240109 17:01:00.544"/>
</kw>
<kw name="Click Element" library="SeleniumLibrary">
<arg>${click_login_btn}</arg>
<doc>Click the element identified by ``locator``.</doc>
<msg timestamp="20240109 17:01:00.550" level="INFO">Clicking element 'xpath=//button[normalize-space()='Sign in']'.</msg>
<status status="PASS" starttime="20240109 17:01:00.547" endtime="20240109 17:01:03.250"/>
</kw>
<status status="PASS" starttime="20240109 17:00:57.777" endtime="20240109 17:01:03.253"/>
</kw>
<kw name="Verify User Successfully Logged In">
<kw name="Get Location" library="SeleniumLibrary">
<var>${current_url}</var>
<doc>Returns the current browser window URL.</doc>
<msg timestamp="20240109 17:01:03.291" level="INFO">${current_url} = https://app-qa.nykey.org/home/students</msg>
<status status="PASS" starttime="20240109 17:01:03.264" endtime="20240109 17:01:03.291"/>
</kw>
<kw name="Should Contain" library="BuiltIn">
<arg>${current_url}</arg>
<arg>/home</arg>
<doc>Fails if ``container`` does not contain ``item`` one or more times.</doc>
<status status="PASS" starttime="20240109 17:01:03.294" endtime="20240109 17:01:03.295"/>
</kw>
<status status="PASS" starttime="20240109 17:01:03.263" endtime="20240109 17:01:03.296"/>
</kw>
<kw name="Verify Link and Success Block Element of the page">
<arg>https://app-qa.nykey.org/assignments</arg>
<arg>Assignment List</arg>
<kw name="Go To" library="SeleniumLibrary">
<arg>${url_to_verify}</arg>
<doc>Navigates the current browser window to the provided ``url``.</doc>
<msg timestamp="20240109 17:01:03.299" level="INFO">Opening url 'https://app-qa.nykey.org/assignments'</msg>
<status status="PASS" starttime="20240109 17:01:03.298" endtime="20240109 17:01:04.103"/>
</kw>
<kw name="Sleep" library="BuiltIn">
<arg>2</arg>
<doc>Pauses the test executed for the given time.</doc>
<msg timestamp="20240109 17:01:06.125" level="INFO">Slept 2 seconds</msg>
<status status="PASS" starttime="20240109 17:01:04.113" endtime="20240109 17:01:06.125"/>
</kw>
<kw name="Wait Until Page Contains" library="SeleniumLibrary">
<arg>${success_block_element_to_verify}</arg>
<doc>Waits until ``text`` appears on the current page.</doc>
<status status="PASS" starttime="20240109 17:01:06.128" endtime="20240109 17:01:06.159"/>
</kw>
<kw name="Page Should Contain" library="SeleniumLibrary">
<arg>${success_block_element_to_verify}</arg>
<doc>Verifies that current page contains ``text``.</doc>
<msg timestamp="20240109 17:01:06.180" level="INFO">Current page contains text 'Assignment List'.</msg>
<status status="PASS" starttime="20240109 17:01:06.159" endtime="20240109 17:01:06.180"/>
</kw>
<status status="PASS" starttime="20240109 17:01:03.297" endtime="20240109 17:01:06.182"/>
</kw>
<kw name="Sleep" library="BuiltIn">
<arg>3</arg>
<doc>Pauses the test executed for the given time.</doc>
<msg timestamp="20240109 17:01:09.184" level="INFO">Slept 3 seconds</msg>
<status status="PASS" starttime="20240109 17:01:06.183" endtime="20240109 17:01:09.186"/>
</kw>
<kw name="Close Browser Session" library="GenericPage" type="TEARDOWN">
<kw name="Close Browser" library="SeleniumLibrary">
<doc>Closes the current browser.</doc>
<status status="PASS" starttime="20240109 17:01:09.204" endtime="20240109 17:01:11.951"/>
</kw>
<status status="PASS" starttime="20240109 17:01:09.202" endtime="20240109 17:01:11.952"/>
</kw>
<status status="PASS" starttime="20240109 17:00:50.758" endtime="20240109 17:01:11.953"/>
</test>
<test id="s1-t6" name="test_student_attendance.py Link" line="65">
<kw name="Open Chrome Browser With URL" library="GenericPage" type="SETUP">
<kw name="Open Browser" library="SeleniumLibrary">
<arg>${base_url}</arg>
<arg>${browser_name}</arg>
<arg>options=add_argument("--start-maximized"); add_experimental_option("detach", True)</arg>
<doc>Opens a new browser instance to the optional ``url``.</doc>
<msg timestamp="20240109 17:01:11.969" level="INFO">Opening browser 'Chrome' to base url 'http://app-qa.nykey.org/'.</msg>
<status status="PASS" starttime="20240109 17:01:11.966" endtime="20240109 17:01:15.729"/>
</kw>
<kw name="Sleep" library="BuiltIn">
<arg>2</arg>
<doc>Pauses the test executed for the given time.</doc>
<msg timestamp="20240109 17:01:17.741" level="INFO">Slept 2 seconds</msg>
<status status="PASS" starttime="20240109 17:01:15.735" endtime="20240109 17:01:17.741"/>
</kw>
<status status="PASS" starttime="20240109 17:01:11.965" endtime="20240109 17:01:17.743"/>
</kw>
<kw name="Enter Email Id and Password to Login" library="GenericPage">
<arg>${username}</arg>
<arg>${valid_password}</arg>
<kw name="Input Text" library="SeleniumLibrary">
<arg>${username}</arg>
<arg>S11001</arg>
<doc>Types the given ``text`` into the text field identified by ``locator``.</doc>
<msg timestamp="20240109 17:01:17.746" level="INFO">Typing text 'S11001' into text field '//input[@id='email']'.</msg>
<status status="PASS" starttime="20240109 17:01:17.745" endtime="20240109 17:01:17.939"/>
</kw>
<kw name="Input Password" library="SeleniumLibrary">
<arg>${valid_password}</arg>
<arg>000000</arg>
<doc>Types the given password into the text field identified by ``locator``.</doc>
<msg timestamp="20240109 17:01:17.943" level="INFO">Typing password into text field '//input[@id='password']'.</msg>
<msg timestamp="20240109 17:01:18.013" level="INFO">Temporally setting log level to: NONE</msg>
<msg timestamp="20240109 17:01:18.120" level="INFO">Log level changed from NONE to INFO.</msg>
<status status="PASS" starttime="20240109 17:01:17.941" endtime="20240109 17:01:18.120"/>
</kw>
<kw name="Execute Javascript" library="SeleniumLibrary">
<arg>window.scrollTo(0, document.body.scrollHeight)</arg>
<doc>Executes the given JavaScript code with possible arguments.</doc>
<msg timestamp="20240109 17:01:18.126" level="INFO">Executing JavaScript:
window.scrollTo(0, document.body.scrollHeight)
Without any arguments.</msg>
<status status="PASS" starttime="20240109 17:01:18.124" endtime="20240109 17:01:18.138"/>
</kw>
<kw name="Sleep" library="BuiltIn">
<arg>2</arg>
<doc>Pauses the test executed for the given time.</doc>
<msg timestamp="20240109 17:01:20.146" level="INFO">Slept 2 seconds</msg>
<status status="PASS" starttime="20240109 17:01:18.140" endtime="20240109 17:01:20.146"/>
</kw>
<kw name="Click Element" library="SeleniumLibrary">
<arg>${login_remember_me_toggle}</arg>
<doc>Click the element identified by ``locator``.</doc>
<msg timestamp="20240109 17:01:20.150" level="INFO">Clicking element '//input[@id='flexSwitchCheckChecked']'.</msg>
<status status="PASS" starttime="20240109 17:01:20.148" endtime="20240109 17:01:20.251"/>
</kw>
<kw name="Click Element" library="SeleniumLibrary">
<arg>${click_login_btn}</arg>
<doc>Click the element identified by ``locator``.</doc>
<msg timestamp="20240109 17:01:20.276" level="INFO">Clicking element 'xpath=//button[normalize-space()='Sign in']'.</msg>
<status status="PASS" starttime="20240109 17:01:20.275" endtime="20240109 17:01:23.733"/>
</kw>
<status status="PASS" starttime="20240109 17:01:17.744" endtime="20240109 17:01:23.741"/>
</kw>
<kw name="Verify User Successfully Logged In">
<kw name="Get Location" library="SeleniumLibrary">
<var>${current_url}</var>
<doc>Returns the current browser window URL.</doc>
<msg timestamp="20240109 17:01:23.884" level="INFO">${current_url} = https://app-qa.nykey.org/home/students</msg>
<status status="PASS" starttime="20240109 17:01:23.803" endtime="20240109 17:01:23.884"/>
</kw>
<kw name="Should Contain" library="BuiltIn">
<arg>${current_url}</arg>
<arg>/home</arg>
<doc>Fails if ``container`` does not contain ``item`` one or more times.</doc>
<status status="PASS" starttime="20240109 17:01:23.888" endtime="20240109 17:01:23.892"/>
</kw>
<status status="PASS" starttime="20240109 17:01:23.800" endtime="20240109 17:01:23.894"/>
</kw>
<kw name="Verify Link and Success Block Element of the page">
<arg>https://app-qa.nykey.org/students/0/attendance</arg>
<arg>Attendance</arg>
<kw name="Go To" library="SeleniumLibrary">
<arg>${url_to_verify}</arg>
<doc>Navigates the current browser window to the provided ``url``.</doc>
<msg timestamp="20240109 17:01:23.900" level="INFO">Opening url 'https://app-qa.nykey.org/students/0/attendance'</msg>
<status status="PASS" starttime="20240109 17:01:23.897" endtime="20240109 17:01:24.946"/>
</kw>
<kw name="Sleep" library="BuiltIn">
<arg>2</arg>
<doc>Pauses the test executed for the given time.</doc>
<msg timestamp="20240109 17:01:26.959" level="INFO">Slept 2 seconds</msg>
<status status="PASS" starttime="20240109 17:01:24.952" endtime="20240109 17:01:26.960"/>
</kw>
<kw name="Wait Until Page Contains" library="SeleniumLibrary">
<arg>${success_block_element_to_verify}</arg>
<doc>Waits until ``text`` appears on the current page.</doc>
<status status="PASS" starttime="20240109 17:01:26.963" endtime="20240109 17:01:26.998"/>
</kw>
<kw name="Page Should Contain" library="SeleniumLibrary">
<arg>${success_block_element_to_verify}</arg>
<doc>Verifies that current page contains ``text``.</doc>
<msg timestamp="20240109 17:01:27.025" level="INFO">Current page contains text 'Attendance'.</msg>
<status status="PASS" starttime="20240109 17:01:26.999" endtime="20240109 17:01:27.025"/>
</kw>
<status status="PASS" starttime="20240109 17:01:23.896" endtime="20240109 17:01:27.027"/>
</kw>
<kw name="Sleep" library="BuiltIn">
<arg>3</arg>
<doc>Pauses the test executed for the given time.</doc>
<msg timestamp="20240109 17:01:30.044" level="INFO">Slept 3 seconds</msg>
<status status="PASS" starttime="20240109 17:01:27.029" endtime="20240109 17:01:30.044"/>
</kw>
<kw name="Close Browser Session" library="GenericPage" type="TEARDOWN">
<kw name="Close Browser" library="SeleniumLibrary">
<doc>Closes the current browser.</doc>
<status status="PASS" starttime="20240109 17:01:30.057" endtime="20240109 17:01:32.511"/>
</kw>
<status status="PASS" starttime="20240109 17:01:30.054" endtime="20240109 17:01:32.512"/>
</kw>
<status status="PASS" starttime="20240109 17:01:11.963" endtime="20240109 17:01:32.513"/>
</test>
<test id="s1-t7" name="test_student_invoices.py Link" line="73">
<kw name="Open Chrome Browser With URL" library="GenericPage" type="SETUP">
<kw name="Open Browser" library="SeleniumLibrary">
<arg>${base_url}</arg>
<arg>${browser_name}</arg>
<arg>options=add_argument("--start-maximized"); add_experimental_option("detach", True)</arg>
<doc>Opens a new browser instance to the optional ``url``.</doc>
<msg timestamp="20240109 17:01:32.526" level="INFO">Opening browser 'Chrome' to base url 'http://app-qa.nykey.org/'.</msg>
<status status="PASS" starttime="20240109 17:01:32.524" endtime="20240109 17:01:36.693"/>
</kw>
<kw name="Sleep" library="BuiltIn">
<arg>2</arg>
<doc>Pauses the test executed for the given time.</doc>
<msg timestamp="20240109 17:01:38.704" level="INFO">Slept 2 seconds</msg>
<status status="PASS" starttime="20240109 17:01:36.697" endtime="20240109 17:01:38.705"/>
</kw>
<status status="PASS" starttime="20240109 17:01:32.523" endtime="20240109 17:01:38.707"/>
</kw>
<kw name="Enter Email Id and Password to Login" library="GenericPage">
<arg>${username}</arg>
<arg>${valid_password}</arg>
<kw name="Input Text" library="SeleniumLibrary">
<arg>${username}</arg>
<arg>S11001</arg>
<doc>Types the given ``text`` into the text field identified by ``locator``.</doc>
<msg timestamp="20240109 17:01:38.713" level="INFO">Typing text 'S11001' into text field '//input[@id='email']'.</msg>
<status status="PASS" starttime="20240109 17:01:38.710" endtime="20240109 17:01:39.081"/>
</kw>
<kw name="Input Password" library="SeleniumLibrary">
<arg>${valid_password}</arg>
<arg>000000</arg>
<doc>Types the given password into the text field identified by ``locator``.</doc>
<msg timestamp="20240109 17:01:39.087" level="INFO">Typing password into text field '//input[@id='password']'.</msg>
<msg timestamp="20240109 17:01:39.247" level="INFO">Temporally setting log level to: NONE</msg>
<msg timestamp="20240109 17:01:39.399" level="INFO">Log level changed from NONE to INFO.</msg>
<status status="PASS" starttime="20240109 17:01:39.084" endtime="20240109 17:01:39.399"/>
</kw>
<kw name="Execute Javascript" library="SeleniumLibrary">
<arg>window.scrollTo(0, document.body.scrollHeight)</arg>
<doc>Executes the given JavaScript code with possible arguments.</doc>
<msg timestamp="20240109 17:01:39.406" level="INFO">Executing JavaScript:
window.scrollTo(0, document.body.scrollHeight)
Without any arguments.</msg>
<status status="PASS" starttime="20240109 17:01:39.403" endtime="20240109 17:01:39.423"/>
</kw>
<kw name="Sleep" library="BuiltIn">
<arg>2</arg>
<doc>Pauses the test executed for the given time.</doc>
<msg timestamp="20240109 17:01:41.428" level="INFO">Slept 2 seconds</msg>
<status status="PASS" starttime="20240109 17:01:39.426" endtime="20240109 17:01:41.428"/>
</kw>
<kw name="Click Element" library="SeleniumLibrary">
<arg>${login_remember_me_toggle}</arg>
<doc>Click the element identified by ``locator``.</doc>
<msg timestamp="20240109 17:01:41.433" level="INFO">Clicking element '//input[@id='flexSwitchCheckChecked']'.</msg>
<status status="PASS" starttime="20240109 17:01:41.431" endtime="20240109 17:01:41.652"/>
</kw>
<kw name="Click Element" library="SeleniumLibrary">
<arg>${click_login_btn}</arg>
<doc>Click the element identified by ``locator``.</doc>
<msg timestamp="20240109 17:01:41.659" level="INFO">Clicking element 'xpath=//button[normalize-space()='Sign in']'.</msg>
<status status="PASS" starttime="20240109 17:01:41.656" endtime="20240109 17:01:44.344"/>
</kw>
<status status="PASS" starttime="20240109 17:01:38.709" endtime="20240109 17:01:44.347"/>
</kw>
<kw name="Verify User Successfully Logged In">
<kw name="Get Location" library="SeleniumLibrary">
<var>${current_url}</var>
<doc>Returns the current browser window URL.</doc>
<msg timestamp="20240109 17:01:44.390" level="INFO">${current_url} = https://app-qa.nykey.org/home/students</msg>
<status status="PASS" starttime="20240109 17:01:44.351" endtime="20240109 17:01:44.391"/>
</kw>
<kw name="Should Contain" library="BuiltIn">
<arg>${current_url}</arg>
<arg>/home</arg>
<doc>Fails if ``container`` does not contain ``item`` one or more times.</doc>
<status status="PASS" starttime="20240109 17:01:44.394" endtime="20240109 17:01:44.395"/>
</kw>
<status status="PASS" starttime="20240109 17:01:44.350" endtime="20240109 17:01:44.396"/>
</kw>
<kw name="Sleep" library="BuiltIn">
<arg>3</arg>
<doc>Pauses the test executed for the given time.</doc>
<msg timestamp="20240109 17:01:47.400" level="INFO">Slept 3 seconds</msg>
<status status="PASS" starttime="20240109 17:01:44.398" endtime="20240109 17:01:47.400"/>
</kw>
<kw name="Verify Link and Success Block Element of the page">
<arg>https://app-qa.nykey.org/invoices/student/0/shows</arg>
<arg>Invoices</arg>
<kw name="Go To" library="SeleniumLibrary">
<arg>${url_to_verify}</arg>
<doc>Navigates the current browser window to the provided ``url``.</doc>
<msg timestamp="20240109 17:01:47.407" level="INFO">Opening url 'https://app-qa.nykey.org/invoices/student/0/shows'</msg>
<status status="PASS" starttime="20240109 17:01:47.407" endtime="20240109 17:01:48.334"/>
</kw>
<kw name="Sleep" library="BuiltIn">
<arg>2</arg>
<doc>Pauses the test executed for the given time.</doc>
<msg timestamp="20240109 17:01:50.342" level="INFO">Slept 2 seconds</msg>
<status status="PASS" starttime="20240109 17:01:48.337" endtime="20240109 17:01:50.342"/>
</kw>
<kw name="Wait Until Page Contains" library="SeleniumLibrary">
<arg>${success_block_element_to_verify}</arg>
<doc>Waits until ``text`` appears on the current page.</doc>
<msg timestamp="20240109 17:01:55.767" level="INFO" html="true">&lt;/td&gt;&lt;/tr&gt;&lt;tr&gt;&lt;td colspan="3"&gt;&lt;a href="selenium-screenshot-3.png"&gt;&lt;img src="selenium-screenshot-3.png" width="800px"&gt;&lt;/a&gt;</msg>
<msg timestamp="20240109 17:01:55.768" level="FAIL">Text 'Invoices' did not appear in 5 seconds.</msg>
<status status="FAIL" starttime="20240109 17:01:50.345" endtime="20240109 17:01:55.769"/>
</kw>
<kw name="Page Should Contain" library="SeleniumLibrary">
<arg>${success_block_element_to_verify}</arg>
<doc>Verifies that current page contains ``text``.</doc>
<status status="NOT RUN" starttime="20240109 17:01:55.772" endtime="20240109 17:01:55.773"/>
</kw>
<status status="FAIL" starttime="20240109 17:01:47.405" endtime="20240109 17:01:55.774"/>
</kw>
<kw name="Sleep" library="BuiltIn">
<arg>3</arg>
<doc>Pauses the test executed for the given time.</doc>
<status status="NOT RUN" starttime="20240109 17:01:55.775" endtime="20240109 17:01:55.775"/>
</kw>
<kw name="Close Browser Session" library="GenericPage" type="TEARDOWN">
<kw name="Close Browser" library="SeleniumLibrary">
<doc>Closes the current browser.</doc>
<status status="PASS" starttime="20240109 17:01:55.777" endtime="20240109 17:01:58.193"/>
</kw>
<status status="PASS" starttime="20240109 17:01:55.776" endtime="20240109 17:01:58.194"/>
</kw>
<status status="FAIL" starttime="20240109 17:01:32.522" endtime="20240109 17:01:58.196">Text 'Invoices' did not appear in 5 seconds.</status>
</test>
<doc>End to End Testing Flow</doc>
<status status="FAIL" starttime="20240109 16:54:25.471" endtime="20240109 17:01:58.213"/>
</suite>
<statistics>
<total>
<stat pass="5" fail="2" skip="0">All Tests</stat>
</total>
<tag>
</tag>
<suite>
<stat pass="5" fail="2" skip="0" id="s1" name="Test Verify Student Section">Test Verify Student Section</stat>
</suite>
</statistics>
<errors>
</errors>
</robot>
